"e","","No Phanon history found: D:/Software/Development/CS-1-ChadMano/lib/showyourwork/showyourwork.log Player unable to render
","0","1643047902540","player.py","1.1.2 for 2021-2022 @t1","5"
"e","","","0","1643047902540","player.py","1.1.2 for 2021-2022 @t1","5"
"e","","No Phanon history found: D:/Software/Development/CS-1-ChadMano/lib/showyourwork/showyourwork.log Player unable to render
","0","1643047902540","action.py","1.1.2 for 2021-2022 @t1","5"
"e","","","0","1643047902540","action.py","1.1.2 for 2021-2022 @t1","5"
"e","","No Phanon history found: D:/Software/Development/CS-1-ChadMano/lib/showyourwork/showyourwork.log Player unable to render
","0","1643047902541","core.py","1.1.2 for 2021-2022 @t1","5"
"e","","","0","1643047902541","core.py","1.1.2 for 2021-2022 @t1","5"
"e","","No Phanon history found: D:/Software/Development/CS-1-ChadMano/lib/showyourwork/showyourwork.log Player unable to render
","0","1643047902541","darkroom.py","1.1.2 for 2021-2022 @t1","5"
"e","","","0","1643047902541","darkroom.py","1.1.2 for 2021-2022 @t1","5"
"e","","No Phanon history found: D:/Software/Development/CS-1-ChadMano/lib/showyourwork/showyourwork.log Player unable to render
","0","1643047902542","biome.py","1.1.2 for 2021-2022 @t1","5"
"e","","","0","1643047902542","biome.py","1.1.2 for 2021-2022 @t1","5"
"e","","No Phanon history found: D:/Software/Development/CS-1-ChadMano/lib/showyourwork/showyourwork.log Player unable to render
","0","1643047902545","player.py","1.1.2 for 2021-2022 @t1","5"
"e","","","0","1643047902545","player.py","1.1.2 for 2021-2022 @t1","5"
"e","","No Phanon history found: D:/Software/Development/CS-1-ChadMano/lib/showyourwork/showyourwork.log Player unable to render
","0","1643047902545","action.py","1.1.2 for 2021-2022 @t1","5"
"e","","","0","1643047902545","action.py","1.1.2 for 2021-2022 @t1","5"
"e","","No Phanon history found: D:/Software/Development/CS-1-ChadMano/lib/showyourwork/showyourwork.log Player unable to render
","0","1643047902546","core.py","1.1.2 for 2021-2022 @t1","5"
"e","","","0","1643047902546","core.py","1.1.2 for 2021-2022 @t1","5"
"e","","No Phanon history found: D:/Software/Development/CS-1-ChadMano/lib/showyourwork/showyourwork.log Player unable to render
","0","1643047902546","darkroom.py","1.1.2 for 2021-2022 @t1","5"
"e","","","0","1643047902546","darkroom.py","1.1.2 for 2021-2022 @t1","5"
"e","","No Phanon history found: D:/Software/Development/CS-1-ChadMano/lib/showyourwork/showyourwork.log Player unable to render
","0","1643047902547","biome.py","1.1.2 for 2021-2022 @t1","5"
"e","","","0","1643047902547","biome.py","1.1.2 for 2021-2022 @t1","5"
"e","","No Phanon history found: D:/Software/Development/CS-1-ChadMano/lib/showyourwork/showyourwork.log Player unable to render
","0","1643047902548","items.py","1.1.2 for 2021-2022 @t1","5"
"e","","","0","1643047902548","items.py","1.1.2 for 2021-2022 @t1","5"
"e","","No Phanon history found: D:/Software/Development/CS-1-ChadMano/lib/showyourwork/showyourwork.log Player unable to render
","0","1643047902549","Lexeter.py","1.1.2 for 2021-2022 @t1","5"
"e","","","0","1643047902550","Lexeter.py","1.1.2 for 2021-2022 @t1","5"
